1731898943057:getOAuth2Token
1731899082812:exit
1731901211072:getOAuth2Token
1731902318969:exit
1731902336979:getOAuth2Token
1731902342370:getTacCases
1731902506135:getOAuth2Token
1731902510039:getTacCases
1731902723509:exit
1731902747702:getTacCases
1731902806535:exit
1731902818632:getTacCases
1731902821233:exit
1731906458332:getTacCases
1731907179988:exit
1731907191371:getTacCases
1731907302479:exit
1731907314166:getTacCases
1731907316815:exit
1731907391035:getTacCases
1731937226268:exit
1731937240437:getTacCases
1731937243343:exit
1731937268223:getTacCases
1731937270951:exit
1731937715701:getTacCases
1731937718021:exit
1731939435607:getTacCases
1731939439023:exit
1731939755832:getTacCases
1731939758248:exit
1731940435104:getTacCases
1731940442352:exit
1731941621524:getTacCases
1731941625270:exit
1731941659901:getTacCases
1731941664277:exit
1731941683573:getTacCases
1731941688334:exit
1731948441829:getTacCases
1731948877345:getOAuth2Token
1731952887849:exit
1731952924873:getOAuth2Token
1731952932177:getTacCases
1731952938226:stacktrace
1731953073861:exit
1731953256810:stacktrace
1731953258990:getTacCases
1731953264700:getOAuth2Token
1731953270525:stacktrace
1731953524587:getOAuth2Token
1731953547413:exit
1731953818841:getOAuth2Token
1731953824020:getTacCases
1731953829686:exit
1731954256458:getTacCases
1731954263858:exit
1731954300940:clear
1731954306899:getOAuth2Token
1731954424792:exit
1731954442191:clear
1731954445384:getOAuth2Token
1731954452800:getTacCases
1731954455761:exit
1731955319416:getTacCases
1731955640080:exit
1731960424887:getOAuth2Token
1731960434663:exit
1731960491008:getOAuth2Token
1731960497328:getTacCases
1731960535650:exit
1731960785950:getOAuth2Token
1731960787959:getTacCases
1731960791718:exit
